This is pdfTeX, Version 3.1415926-2.4-1.40.13 (TeX Live 2012) (format=pdflatex 2012.6.30)  5 SEP 2013 10:01
entering extended mode
 restricted \write18 enabled.
 %&-line parsing enabled.
**crc-tumor-analysis.tex
(./crc-tumor-analysis.tex
LaTeX2e <2011/06/27>
Babel <v3.8m> and hyphenation patterns for english, dumylang, nohyphenation, ge
rman-x-2012-05-30, ngerman-x-2012-05-30, afrikaans, ancientgreek, ibycus, arabi
c, armenian, basque, bulgarian, catalan, pinyin, coptic, croatian, czech, danis
h, dutch, ukenglish, usenglishmax, esperanto, estonian, ethiopic, farsi, finnis
h, french, friulan, galician, german, ngerman, swissgerman, monogreek, greek, h
ungarian, icelandic, assamese, bengali, gujarati, hindi, kannada, malayalam, ma
rathi, oriya, panjabi, tamil, telugu, indonesian, interlingua, irish, italian, 
kurmanji, latin, latvian, lithuanian, mongolian, mongolianlmc, bokmal, nynorsk,
 polish, portuguese, romanian, romansh, russian, sanskrit, serbian, serbianc, s
lovak, slovenian, spanish, swedish, turkish, turkmen, ukrainian, uppersorbian, 
welsh, loaded.
(/usr/local/texlive/2012/texmf-dist/tex/latex/base/report.cls
Document Class: report 2007/10/19 v1.4h Standard LaTeX document class
(/usr/local/texlive/2012/texmf-dist/tex/latex/base/size10.clo
File: size10.clo 2007/10/19 v1.4h Standard LaTeX file (size option)
)
\c@part=\count79
\c@chapter=\count80
\c@section=\count81
\c@subsection=\count82
\c@subsubsection=\count83
\c@paragraph=\count84
\c@subparagraph=\count85
\c@figure=\count86
\c@table=\count87
\abovecaptionskip=\skip41
\belowcaptionskip=\skip42
\bibindent=\dimen102
)
(/usr/local/texlive/2012/texmf-dist/tex/latex/base/fontenc.sty
Package: fontenc 2005/09/27 v1.99g Standard LaTeX package

(/usr/local/texlive/2012/texmf-dist/tex/latex/base/t1enc.def
File: t1enc.def 2005/09/27 v1.99g Standard LaTeX file
LaTeX Font Info:    Redeclaring font encoding T1 on input line 43.
))
(/usr/local/texlive/2012/texmf-dist/tex/latex/base/inputenc.sty
Package: inputenc 2008/03/30 v1.1d Input encoding file
\inpenc@prehook=\toks14
\inpenc@posthook=\toks15

(/usr/local/texlive/2012/texmf-dist/tex/latex/base/latin9.def
File: latin9.def 2008/03/30 v1.1d Input encoding file
))
(/usr/local/texlive/2012/texmf-dist/tex/latex/geometry/geometry.sty
Package: geometry 2010/09/12 v5.6 Page Geometry

(/usr/local/texlive/2012/texmf-dist/tex/latex/graphics/keyval.sty
Package: keyval 1999/03/16 v1.13 key=value parser (DPC)
\KV@toks@=\toks16
)
(/usr/local/texlive/2012/texmf-dist/tex/generic/oberdiek/ifpdf.sty
Package: ifpdf 2011/01/30 v2.3 Provides the ifpdf switch (HO)
Package ifpdf Info: pdfTeX in PDF mode is detected.
)
(/usr/local/texlive/2012/texmf-dist/tex/generic/oberdiek/ifvtex.sty
Package: ifvtex 2010/03/01 v1.5 Detect VTeX and its facilities (HO)
Package ifvtex Info: VTeX not detected.
)
(/usr/local/texlive/2012/texmf-dist/tex/generic/ifxetex/ifxetex.sty
Package: ifxetex 2010/09/12 v0.6 Provides ifxetex conditional
)
\Gm@cnth=\count88
\Gm@cntv=\count89
\c@Gm@tempcnt=\count90
\Gm@bindingoffset=\dimen103
\Gm@wd@mp=\dimen104
\Gm@odd@mp=\dimen105
\Gm@even@mp=\dimen106
\Gm@layoutwidth=\dimen107
\Gm@layoutheight=\dimen108
\Gm@layouthoffset=\dimen109
\Gm@layoutvoffset=\dimen110
\Gm@dimlist=\toks17
)
(/usr/local/texlive/2012/texmf-dist/tex/latex/float/float.sty
Package: float 2001/11/08 v1.3d Float enhancements (AL)
\c@float@type=\count91
\float@exts=\toks18
\float@box=\box26
\@float@everytoks=\toks19
\@floatcapt=\box27
)
(/usr/local/texlive/2012/texmf-dist/tex/latex/graphics/graphicx.sty
Package: graphicx 1999/02/16 v1.0f Enhanced LaTeX Graphics (DPC,SPQR)

(/usr/local/texlive/2012/texmf-dist/tex/latex/graphics/graphics.sty
Package: graphics 2009/02/05 v1.0o Standard LaTeX Graphics (DPC,SPQR)

(/usr/local/texlive/2012/texmf-dist/tex/latex/graphics/trig.sty
Package: trig 1999/03/16 v1.09 sin cos tan (DPC)
)
(/usr/local/texlive/2012/texmf-dist/tex/latex/latexconfig/graphics.cfg
File: graphics.cfg 2010/04/23 v1.9 graphics configuration of TeX Live
)
Package graphics Info: Driver file: pdftex.def on input line 91.

(/usr/local/texlive/2012/texmf-dist/tex/latex/pdftex-def/pdftex.def
File: pdftex.def 2011/05/27 v0.06d Graphics/color for pdfTeX

(/usr/local/texlive/2012/texmf-dist/tex/generic/oberdiek/infwarerr.sty
Package: infwarerr 2010/04/08 v1.3 Providing info/warning/error messages (HO)
)
(/usr/local/texlive/2012/texmf-dist/tex/generic/oberdiek/ltxcmds.sty
Package: ltxcmds 2011/11/09 v1.22 LaTeX kernel commands for general use (HO)
)
\Gread@gobject=\count92
))
\Gin@req@height=\dimen111
\Gin@req@width=\dimen112
)
(/usr/local/texlive/2012/texmf-dist/tex/generic/babel/babel.sty
Package: babel 2008/07/08 v3.8m The Babel package

(/usr/local/texlive/2012/texmf-dist/tex/generic/babel/english.ldf
Language: english 2005/03/30 v3.3o English support from the babel system

(/usr/local/texlive/2012/texmf-dist/tex/generic/babel/babel.def
File: babel.def 2008/07/08 v3.8m Babel common definitions
\babel@savecnt=\count93
\U@D=\dimen113
)
\l@canadian = a dialect from \language\l@american 
\l@australian = a dialect from \language\l@british 
\l@newzealand = a dialect from \language\l@british 
))
(./crc-tumor-analysis.aux)
\openout1 = `crc-tumor-analysis.aux'.

LaTeX Font Info:    Checking defaults for OML/cmm/m/it on input line 14.
LaTeX Font Info:    ... okay on input line 14.
LaTeX Font Info:    Checking defaults for T1/cmr/m/n on input line 14.
LaTeX Font Info:    ... okay on input line 14.
LaTeX Font Info:    Checking defaults for OT1/cmr/m/n on input line 14.
LaTeX Font Info:    ... okay on input line 14.
LaTeX Font Info:    Checking defaults for OMS/cmsy/m/n on input line 14.
LaTeX Font Info:    ... okay on input line 14.
LaTeX Font Info:    Checking defaults for OMX/cmex/m/n on input line 14.
LaTeX Font Info:    ... okay on input line 14.
LaTeX Font Info:    Checking defaults for U/cmr/m/n on input line 14.
LaTeX Font Info:    ... okay on input line 14.

*geometry* driver: auto-detecting
*geometry* detected driver: pdftex

Package geometry Warning: The marginal notes overrun the paper.
     Add 33.32088pt and more to the right margin.

*geometry* verbose mode - [ preamble ] result:
* driver: pdftex
* paper: <default>
* layout: <same size as paper>
* layoutoffset:(h,v)=(0.0pt,0.0pt)
* modes: 
* h-part:(L,W,R)=(42.67912pt, 528.93675pt, 42.67912pt)
* v-part:(T,H,B)=(42.67912pt, 709.61174pt, 42.67912pt)
* \paperwidth=614.295pt
* \paperheight=794.96999pt
* \textwidth=528.93675pt
* \textheight=709.61174pt
* \oddsidemargin=-29.59087pt
* \evensidemargin=-29.59087pt
* \topmargin=-66.59087pt
* \headheight=12.0pt
* \headsep=25.0pt
* \topskip=10.0pt
* \footskip=30.0pt
* \marginparwidth=65.0pt
* \marginparsep=11.0pt
* \columnsep=10.0pt
* \skip\footins=9.0pt plus 4.0pt minus 2.0pt
* \hoffset=0.0pt
* \voffset=0.0pt
* \mag=1000
* \@twocolumnfalse
* \@twosidefalse
* \@mparswitchfalse
* \@reversemarginfalse
* (1in=72.27pt=25.4mm, 1cm=28.453pt)

(/usr/local/texlive/2012/texmf-dist/tex/context/base/supp-pdf.mkii
[Loading MPS to PDF converter (version 2006.09.02).]
\scratchcounter=\count94
\scratchdimen=\dimen114
\scratchbox=\box28
\nofMPsegments=\count95
\nofMParguments=\count96
\everyMPshowfont=\toks20
\MPscratchCnt=\count97
\MPscratchDim=\dimen115
\MPnumerator=\count98
\makeMPintoPDFobject=\count99
\everyMPtoPDFconversion=\toks21
) (/usr/local/texlive/2012/texmf-dist/tex/generic/oberdiek/pdftexcmds.sty
Package: pdftexcmds 2011/11/29 v0.20 Utility functions of pdfTeX for LuaTeX (HO
)

(/usr/local/texlive/2012/texmf-dist/tex/generic/oberdiek/ifluatex.sty
Package: ifluatex 2010/03/01 v1.3 Provides the ifluatex switch (HO)
Package ifluatex Info: LuaTeX not detected.
)
Package pdftexcmds Info: LuaTeX not detected.
Package pdftexcmds Info: \pdf@primitive is available.
Package pdftexcmds Info: \pdf@ifprimitive is available.
Package pdftexcmds Info: \pdfdraftmode found.
)
(/usr/local/texlive/2012/texmf-dist/tex/latex/oberdiek/epstopdf-base.sty
Package: epstopdf-base 2010/02/09 v2.5 Base part for package epstopdf

(/usr/local/texlive/2012/texmf-dist/tex/latex/oberdiek/grfext.sty
Package: grfext 2010/08/19 v1.1 Manage graphics extensions (HO)

(/usr/local/texlive/2012/texmf-dist/tex/generic/oberdiek/kvdefinekeys.sty
Package: kvdefinekeys 2011/04/07 v1.3 Define keys (HO)
))
(/usr/local/texlive/2012/texmf-dist/tex/latex/oberdiek/kvoptions.sty
Package: kvoptions 2011/06/30 v3.11 Key value format for package options (HO)

(/usr/local/texlive/2012/texmf-dist/tex/generic/oberdiek/kvsetkeys.sty
Package: kvsetkeys 2012/04/25 v1.16 Key value parser (HO)

(/usr/local/texlive/2012/texmf-dist/tex/generic/oberdiek/etexcmds.sty
Package: etexcmds 2011/02/16 v1.5 Avoid name clashes with e-TeX commands (HO)
Package etexcmds Info: Could not find \expanded.
(etexcmds)             That can mean that you are not using pdfTeX 1.50 or
(etexcmds)             that some package has redefined \expanded.
(etexcmds)             In the latter case, load this package earlier.
)))
Package grfext Info: Graphics extension search list:
(grfext)             [.png,.pdf,.jpg,.mps,.jpeg,.jbig2,.jb2,.PNG,.PDF,.JPG,.JPE
G,.JBIG2,.JB2,.eps]
(grfext)             \AppendGraphicsExtensions on input line 452.

(/usr/local/texlive/2012/texmf-dist/tex/latex/latexconfig/epstopdf-sys.cfg
File: epstopdf-sys.cfg 2010/07/13 v1.3 Configuration of (r)epstopdf for TeX Liv
e
))
LaTeX Font Info:    External font `cmex10' loaded for size
(Font)              <12> on input line 21.
LaTeX Font Info:    External font `cmex10' loaded for size
(Font)              <8> on input line 21.
LaTeX Font Info:    External font `cmex10' loaded for size
(Font)              <6> on input line 21.

[1

{/usr/local/texlive/2012/texmf-var/fonts/map/pdftex/updmap/pdftex.map}]
(./tables/CRC02.tex
LaTeX Font Info:    External font `cmex10' loaded for size
(Font)              <7> on input line 5.
LaTeX Font Info:    External font `cmex10' loaded for size
(Font)              <5> on input line 5.
)
<images/CRC02_AZD8055_+_PD0325901_vs_Vechicle.pdf, id=8, 361.35pt x 361.35pt>
File: images/CRC02_AZD8055_+_PD0325901_vs_Vechicle.pdf Graphic file (type pdf)

<use images/CRC02_AZD8055_+_PD0325901_vs_Vechicle.pdf>
Package pdftex.def Info: images/CRC02_AZD8055_+_PD0325901_vs_Vechicle.pdf used 
on input line 30.
(pdftex.def)             Requested size: 180.67456pt x 180.67456pt.

<images/CRC02_AZD8055_alone_vs_Vechicle.pdf, id=9, 361.35pt x 361.35pt>
File: images/CRC02_AZD8055_alone_vs_Vechicle.pdf Graphic file (type pdf)

<use images/CRC02_AZD8055_alone_vs_Vechicle.pdf>
Package pdftex.def Info: images/CRC02_AZD8055_alone_vs_Vechicle.pdf used on inp
ut line 30.
(pdftex.def)             Requested size: 180.67456pt x 180.67456pt.

<images/CRC02_BEZ235_+_PD0325901_vs_Vechicle.pdf, id=10, 361.35pt x 361.35pt>
File: images/CRC02_BEZ235_+_PD0325901_vs_Vechicle.pdf Graphic file (type pdf)

<use images/CRC02_BEZ235_+_PD0325901_vs_Vechicle.pdf>
Package pdftex.def Info: images/CRC02_BEZ235_+_PD0325901_vs_Vechicle.pdf used o
n input line 34.
(pdftex.def)             Requested size: 180.67456pt x 180.67456pt.

<images/CRC02_BEZ235_alone_vs_Vechicle.pdf, id=11, 361.35pt x 361.35pt>
File: images/CRC02_BEZ235_alone_vs_Vechicle.pdf Graphic file (type pdf)

<use images/CRC02_BEZ235_alone_vs_Vechicle.pdf>
Package pdftex.def Info: images/CRC02_BEZ235_alone_vs_Vechicle.pdf used on inpu
t line 34.
(pdftex.def)             Requested size: 180.67456pt x 180.67456pt.

<images/CRC02_PD0325901_alone_vs_Vechicle.pdf, id=12, 361.35pt x 361.35pt>
File: images/CRC02_PD0325901_alone_vs_Vechicle.pdf Graphic file (type pdf)

<use images/CRC02_PD0325901_alone_vs_Vechicle.pdf>
Package pdftex.def Info: images/CRC02_PD0325901_alone_vs_Vechicle.pdf used on i
nput line 38.
(pdftex.def)             Requested size: 180.67456pt x 180.67456pt.
 (./tables/CRC18.tex [1 <./images/CRC02_AZD8055_+_PD0325901_vs_Vechicle.pdf> <.
/images/CRC02_AZD8055_alone_vs_Vechicle.pdf> <./images/CRC02_BEZ235_+_PD0325901
_vs_Vechicle.pdf> <./images/CRC02_BEZ235_alone_vs_Vechicle.pdf> <./images/CRC02
_PD0325901_alone_vs_Vechicle.pdf>])
<images/CRC18_AZD8055_+_PD0325901_vs_Vechicle.pdf, id=48, 361.35pt x 361.35pt>
File: images/CRC18_AZD8055_+_PD0325901_vs_Vechicle.pdf Graphic file (type pdf)

<use images/CRC18_AZD8055_+_PD0325901_vs_Vechicle.pdf>
Package pdftex.def Info: images/CRC18_AZD8055_+_PD0325901_vs_Vechicle.pdf used 
on input line 49.
(pdftex.def)             Requested size: 180.67456pt x 180.67456pt.

<images/CRC18_AZD8055_alone_vs_Vechicle.pdf, id=49, 361.35pt x 361.35pt>
File: images/CRC18_AZD8055_alone_vs_Vechicle.pdf Graphic file (type pdf)

<use images/CRC18_AZD8055_alone_vs_Vechicle.pdf>
Package pdftex.def Info: images/CRC18_AZD8055_alone_vs_Vechicle.pdf used on inp
ut line 49.
(pdftex.def)             Requested size: 180.67456pt x 180.67456pt.

<images/CRC18_BEZ235_+_PD0325901_vs_Vechicle.pdf, id=50, 361.35pt x 361.35pt>
File: images/CRC18_BEZ235_+_PD0325901_vs_Vechicle.pdf Graphic file (type pdf)

<use images/CRC18_BEZ235_+_PD0325901_vs_Vechicle.pdf>
Package pdftex.def Info: images/CRC18_BEZ235_+_PD0325901_vs_Vechicle.pdf used o
n input line 53.
(pdftex.def)             Requested size: 180.67456pt x 180.67456pt.

<images/CRC18_BEZ235_alone_vs_Vechicle.pdf, id=51, 361.35pt x 361.35pt>
File: images/CRC18_BEZ235_alone_vs_Vechicle.pdf Graphic file (type pdf)

<use images/CRC18_BEZ235_alone_vs_Vechicle.pdf>
Package pdftex.def Info: images/CRC18_BEZ235_alone_vs_Vechicle.pdf used on inpu
t line 53.
(pdftex.def)             Requested size: 180.67456pt x 180.67456pt.

<images/CRC18_PD0325901_alone_vs_Vechicle.pdf, id=52, 361.35pt x 361.35pt>
File: images/CRC18_PD0325901_alone_vs_Vechicle.pdf Graphic file (type pdf)

<use images/CRC18_PD0325901_alone_vs_Vechicle.pdf>
Package pdftex.def Info: images/CRC18_PD0325901_alone_vs_Vechicle.pdf used on i
nput line 57.
(pdftex.def)             Requested size: 180.67456pt x 180.67456pt.
 (./tables/JPM09.tex [2 <./images/CRC18_AZD8055_+_PD0325901_vs_Vechicle.pdf> <.
/images/CRC18_AZD8055_alone_vs_Vechicle.pdf> <./images/CRC18_BEZ235_+_PD0325901
_vs_Vechicle.pdf> <./images/CRC18_BEZ235_alone_vs_Vechicle.pdf> <./images/CRC18
_PD0325901_alone_vs_Vechicle.pdf>])
<images/JPM09_AZD8055_+_PD0325901_vs_Vechicle.pdf, id=86, 361.35pt x 361.35pt>
File: images/JPM09_AZD8055_+_PD0325901_vs_Vechicle.pdf Graphic file (type pdf)

<use images/JPM09_AZD8055_+_PD0325901_vs_Vechicle.pdf>
Package pdftex.def Info: images/JPM09_AZD8055_+_PD0325901_vs_Vechicle.pdf used 
on input line 68.
(pdftex.def)             Requested size: 180.67456pt x 180.67456pt.

<images/JPM09_AZD8055_alone_vs_Vechicle.pdf, id=87, 361.35pt x 361.35pt>
File: images/JPM09_AZD8055_alone_vs_Vechicle.pdf Graphic file (type pdf)

<use images/JPM09_AZD8055_alone_vs_Vechicle.pdf>
Package pdftex.def Info: images/JPM09_AZD8055_alone_vs_Vechicle.pdf used on inp
ut line 68.
(pdftex.def)             Requested size: 180.67456pt x 180.67456pt.

<images/JPM09_BEZ235_+_PD0325901_vs_Vechicle.pdf, id=88, 361.35pt x 361.35pt>
File: images/JPM09_BEZ235_+_PD0325901_vs_Vechicle.pdf Graphic file (type pdf)

<use images/JPM09_BEZ235_+_PD0325901_vs_Vechicle.pdf>
Package pdftex.def Info: images/JPM09_BEZ235_+_PD0325901_vs_Vechicle.pdf used o
n input line 72.
(pdftex.def)             Requested size: 180.67456pt x 180.67456pt.

<images/JPM09_BEZ235_alone_vs_Vechicle.pdf, id=89, 361.35pt x 361.35pt>
File: images/JPM09_BEZ235_alone_vs_Vechicle.pdf Graphic file (type pdf)

<use images/JPM09_BEZ235_alone_vs_Vechicle.pdf>
Package pdftex.def Info: images/JPM09_BEZ235_alone_vs_Vechicle.pdf used on inpu
t line 72.
(pdftex.def)             Requested size: 180.67456pt x 180.67456pt.

<images/JPM09_PD0325901_alone_vs_Vechicle.pdf, id=90, 361.35pt x 361.35pt>
File: images/JPM09_PD0325901_alone_vs_Vechicle.pdf Graphic file (type pdf)

<use images/JPM09_PD0325901_alone_vs_Vechicle.pdf>
Package pdftex.def Info: images/JPM09_PD0325901_alone_vs_Vechicle.pdf used on i
nput line 76.
(pdftex.def)             Requested size: 180.67456pt x 180.67456pt.
 (./tables/JPM12.tex [3 <./images/JPM09_AZD8055_+_PD0325901_vs_Vechicle.pdf> <.
/images/JPM09_AZD8055_alone_vs_Vechicle.pdf> <./images/JPM09_BEZ235_+_PD0325901
_vs_Vechicle.pdf> <./images/JPM09_BEZ235_alone_vs_Vechicle.pdf> <./images/JPM09
_PD0325901_alone_vs_Vechicle.pdf>])
<images/JPM12_AZD8055_+_PD0325901_vs_Vechicle.pdf, id=124, 361.35pt x 361.35pt>
File: images/JPM12_AZD8055_+_PD0325901_vs_Vechicle.pdf Graphic file (type pdf)
<use images/JPM12_AZD8055_+_PD0325901_vs_Vechicle.pdf>
Package pdftex.def Info: images/JPM12_AZD8055_+_PD0325901_vs_Vechicle.pdf used 
on input line 87.
(pdftex.def)             Requested size: 180.67456pt x 180.67456pt.

<images/JPM12_AZD8055_alone_vs_Vechicle.pdf, id=125, 361.35pt x 361.35pt>
File: images/JPM12_AZD8055_alone_vs_Vechicle.pdf Graphic file (type pdf)

<use images/JPM12_AZD8055_alone_vs_Vechicle.pdf>
Package pdftex.def Info: images/JPM12_AZD8055_alone_vs_Vechicle.pdf used on inp
ut line 87.
(pdftex.def)             Requested size: 180.67456pt x 180.67456pt.

<images/JPM12_BEZ235_+_PD0325901_vs_Vechicle.pdf, id=126, 361.35pt x 361.35pt>
File: images/JPM12_BEZ235_+_PD0325901_vs_Vechicle.pdf Graphic file (type pdf)

<use images/JPM12_BEZ235_+_PD0325901_vs_Vechicle.pdf>
Package pdftex.def Info: images/JPM12_BEZ235_+_PD0325901_vs_Vechicle.pdf used o
n input line 91.
(pdftex.def)             Requested size: 180.67456pt x 180.67456pt.

<images/JPM12_BEZ235_alone_vs_Vechicle.pdf, id=127, 361.35pt x 361.35pt>
File: images/JPM12_BEZ235_alone_vs_Vechicle.pdf Graphic file (type pdf)

<use images/JPM12_BEZ235_alone_vs_Vechicle.pdf>
Package pdftex.def Info: images/JPM12_BEZ235_alone_vs_Vechicle.pdf used on inpu
t line 91.
(pdftex.def)             Requested size: 180.67456pt x 180.67456pt.

<images/JPM12_PD0325901_alone_vs_Vechicle.pdf, id=128, 361.35pt x 361.35pt>
File: images/JPM12_PD0325901_alone_vs_Vechicle.pdf Graphic file (type pdf)

<use images/JPM12_PD0325901_alone_vs_Vechicle.pdf>
Package pdftex.def Info: images/JPM12_PD0325901_alone_vs_Vechicle.pdf used on i
nput line 95.
(pdftex.def)             Requested size: 180.67456pt x 180.67456pt.
 (./tables/JPM16.tex [4 <./images/JPM12_AZD8055_+_PD0325901_vs_Vechicle.pdf> <.
/images/JPM12_AZD8055_alone_vs_Vechicle.pdf> <./images/JPM12_BEZ235_+_PD0325901
_vs_Vechicle.pdf> <./images/JPM12_BEZ235_alone_vs_Vechicle.pdf> <./images/JPM12
_PD0325901_alone_vs_Vechicle.pdf>])
<images/JPM16_AZD8055_+_PD0325901_vs_Vechicle.pdf, id=163, 361.35pt x 361.35pt>
File: images/JPM16_AZD8055_+_PD0325901_vs_Vechicle.pdf Graphic file (type pdf)
<use images/JPM16_AZD8055_+_PD0325901_vs_Vechicle.pdf>
Package pdftex.def Info: images/JPM16_AZD8055_+_PD0325901_vs_Vechicle.pdf used 
on input line 106.
(pdftex.def)             Requested size: 180.67456pt x 180.67456pt.

<images/JPM16_AZD8055_alone_vs_Vechicle.pdf, id=164, 361.35pt x 361.35pt>
File: images/JPM16_AZD8055_alone_vs_Vechicle.pdf Graphic file (type pdf)

<use images/JPM16_AZD8055_alone_vs_Vechicle.pdf>
Package pdftex.def Info: images/JPM16_AZD8055_alone_vs_Vechicle.pdf used on inp
ut line 106.
(pdftex.def)             Requested size: 180.67456pt x 180.67456pt.

<images/JPM16_BEZ235_+_PD0325901_vs_Vechicle.pdf, id=165, 361.35pt x 361.35pt>
File: images/JPM16_BEZ235_+_PD0325901_vs_Vechicle.pdf Graphic file (type pdf)

<use images/JPM16_BEZ235_+_PD0325901_vs_Vechicle.pdf>
Package pdftex.def Info: images/JPM16_BEZ235_+_PD0325901_vs_Vechicle.pdf used o
n input line 110.
(pdftex.def)             Requested size: 180.67456pt x 180.67456pt.

<images/JPM16_BEZ235_alone_vs_Vechicle.pdf, id=166, 361.35pt x 361.35pt>
File: images/JPM16_BEZ235_alone_vs_Vechicle.pdf Graphic file (type pdf)

<use images/JPM16_BEZ235_alone_vs_Vechicle.pdf>
Package pdftex.def Info: images/JPM16_BEZ235_alone_vs_Vechicle.pdf used on inpu
t line 110.
(pdftex.def)             Requested size: 180.67456pt x 180.67456pt.

<images/JPM16_PD0325901_alone_vs_Vechicle.pdf, id=167, 361.35pt x 361.35pt>
File: images/JPM16_PD0325901_alone_vs_Vechicle.pdf Graphic file (type pdf)

<use images/JPM16_PD0325901_alone_vs_Vechicle.pdf>
Package pdftex.def Info: images/JPM16_PD0325901_alone_vs_Vechicle.pdf used on i
nput line 114.
(pdftex.def)             Requested size: 180.67456pt x 180.67456pt.
 [5 <./images/JPM16_AZD8055_+_PD0325901_vs_Vechicle.pdf> <./images/JPM16_AZD805
5_alone_vs_Vechicle.pdf> <./images/JPM16_BEZ235_+_PD0325901_vs_Vechicle.pdf> <.
/images/JPM16_BEZ235_alone_vs_Vechicle.pdf> <./images/JPM16_PD0325901_alone_vs_
Vechicle.pdf>]
(./crc-tumor-analysis.aux) ) 
Here is how much of TeX's memory you used:
 2729 strings out of 493488
 41416 string characters out of 3141326
 98486 words of memory out of 3000000
 5968 multiletter control sequences out of 15000+200000
 10214 words of font info for 28 fonts, out of 3000000 for 9000
 957 hyphenation exceptions out of 8191
 38i,7n,23p,248b,255s stack positions out of 5000i,500n,10000p,200000b,50000s
{/usr/local/texlive/2012/texmf-dist/fonts/enc/dvips
/cm-super/cm-super-t1.enc}</usr/local/texlive/2012/texmf-dist/fonts/type1/publi
c/cm-super/sfbx1440.pfb></usr/local/texlive/2012/texmf-dist/fonts/type1/public/
cm-super/sfrm1000.pfb></usr/local/texlive/2012/texmf-dist/fonts/type1/public/cm
-super/sfrm1200.pfb></usr/local/texlive/2012/texmf-dist/fonts/type1/public/cm-s
uper/sfrm1728.pfb>
Output written on crc-tumor-analysis.pdf (6 pages, 182520 bytes).
PDF statistics:
 216 PDF objects out of 1000 (max. 8388607)
 152 compressed objects within 2 object streams
 0 named destinations out of 1000 (max. 500000)
 126 words of extra memory for PDF output out of 10000 (max. 10000000)

